<?xml version="1.0" encoding="UTF-8"?>
<!-- Generated by org.testng.reporters.JUnitReportReporter -->
<testsuite hostname="WIN2" failures="0" tests="2" name="automation.testsuite.ThangDuong.Day13_LoginTest" time="8.481" errors="0" timestamp="2023-07-06T20:23:17 ICT" skipped="0">
  <testcase classname="automation.testsuite.ThangDuong.Day13_LoginTest" name="loginSuccesfully" time="5.767"/>
  <system-out/>
  <testcase classname="automation.testsuite.ThangDuong.Day13_LoginTest" name="loginFail_IncorrectPass" time="2.714"/>
  <system-out/>
</testsuite> <!-- automation.testsuite.ThangDuong.Day13_LoginTest -->
