<?xml version="1.0" encoding="UTF-8"?>
<!-- Generated by org.testng.reporters.JUnitReportReporter -->
<testsuite hostname="WIN2" failures="0" tests="2" name="automation.testsuite.ThangDuong.Day13_LoginTest" time="8.580" errors="0" timestamp="2023-07-07T00:23:19 ICT" skipped="0">
  <testcase classname="automation.testsuite.ThangDuong.Day13_LoginTest" name="loginFail_IncorrectPass" time="3.076"/>
  <system-out/>
  <testcase classname="automation.testsuite.ThangDuong.Day13_LoginTest" name="loginSuccesfully" time="5.504"/>
  <system-out/>
</testsuite> <!-- automation.testsuite.ThangDuong.Day13_LoginTest -->
