<?xml version="1.0" encoding="UTF-8"?>
<!-- Generated by org.testng.reporters.JUnitReportReporter -->
<testsuite hostname="WIN" failures="0" tests="3" name="day13_ver3.Day13_ver3_LoginTest" time="9.796" errors="0" timestamp="2023-07-11T07:08:14 ICT" skipped="0">
  <testcase classname="day13_ver3.Day13_ver3_LoginTest" name="loginFail_IncorrectPass" time="2.013"/>
  <system-out/>
  <testcase classname="day13_ver3.Day13_ver3_LoginTest" name="loginSuccesfully" time="5.344"/>
  <system-out/>
  <testcase classname="day13_ver3.Day13_ver3_LoginTest" name="loginFail_IncorrectEmail" time="2.439"/>
  <system-out/>
</testsuite> <!-- day13_ver3.Day13_ver3_LoginTest -->
