<?xml version="1.0" encoding="UTF-8"?>
<!-- Generated by org.testng.reporters.JUnitReportReporter -->
<testsuite hostname="WIN2" failures="0" tests="1" name="alert_Day16.AlertSenkeys" time="6.311" errors="0" timestamp="2023-07-13T21:36:21 ICT" skipped="0">
  <testcase classname="alert_Day16.AlertSenkeys" name="TestAlert" time="6.311"/>
  <system-out/>
</testsuite> <!-- alert_Day16.AlertSenkeys -->
