<?xml version="1.0" encoding="UTF-8"?>
<!-- Generated by org.testng.reporters.JUnitReportReporter -->
<testsuite hostname="WIN" failures="0" tests="1" name="exercise_Flights.Flight_Test" time="0.875" errors="0" timestamp="2023-07-19T23:42:58 ICT" skipped="0">
  <testcase classname="exercise_Flights.Flight_Test" name="flight" time="0.875"/>
  <system-out/>
</testsuite> <!-- exercise_Flights.Flight_Test -->
