<?xml version="1.0" encoding="UTF-8"?>
<!-- Generated by org.testng.reporters.JUnitReportReporter -->
<testsuite hostname="WIN2" failures="0" tests="1" name="automation.testsuite.ThangDuong.TS_Test" time="25.191" errors="0" timestamp="18 Jun 2023 08:13:15 GMT">
  <testcase classname="automation.testsuite.ThangDuong.TS_Test" name="Epic1_Story1_SignInPage" time="25.191"/>
</testsuite> <!-- automation.testsuite.ThangDuong.TS_Test -->
