<?xml version="1.0" encoding="UTF-8"?>
<!-- Generated by org.testng.reporters.JUnitReportReporter -->
<testsuite hostname="WIN2" failures="0" tests="1" name="automation.testsuite.ThangDuong.day9_Xpath" time="8.285" errors="0" timestamp="18 Jun 2023 13:17:39 GMT">
  <testcase classname="automation.testsuite.ThangDuong.day9_Xpath" name="Demo_TestCase" time="8.285"/>
</testsuite> <!-- automation.testsuite.ThangDuong.day9_Xpath -->
