<?xml version="1.0" encoding="UTF-8"?>
<!-- Generated by org.testng.reporters.JUnitReportReporter -->
<testsuite hostname="WIN2" failures="0" tests="1" name="alert_Day16.AlertBasic" time="4.368" errors="0" timestamp="2023-07-13T21:25:56 ICT" skipped="0">
  <testcase classname="alert_Day16.AlertBasic" name="TestAlert" time="4.368"/>
  <system-out/>
</testsuite> <!-- alert_Day16.AlertBasic -->
