<?xml version="1.0" encoding="UTF-8"?>
<!-- Generated by org.testng.reporters.JUnitReportReporter -->
<testsuite hostname="WIN" failures="0" tests="2" name="automation.testsuite.Day13_LoginTest" time="7.838" errors="0" timestamp="2023-07-08T16:03:19 ICT" skipped="0">
  <testcase classname="automation.testsuite.Day13_LoginTest" name="loginFail_IncorrectPass" time="2.148"/>
  <system-out/>
  <testcase classname="automation.testsuite.Day13_LoginTest" name="loginSuccesfully" time="5.690"/>
  <system-out/>
</testsuite> <!-- automation.testsuite.Day13_LoginTest -->
