<?xml version="1.0" encoding="UTF-8"?>
<!-- Generated by org.testng.reporters.JUnitReportReporter -->
<testsuite hostname="WIN" failures="0" tests="2" name="automation.testsuite.Day14_LoginTest_Factory" time="10.298" errors="0" timestamp="2023-07-09T00:54:56 ICT" skipped="0">
  <testcase classname="automation.testsuite.Day14_LoginTest_Factory" name="loginSuccesfully" time="8.136"/>
  <system-out/>
  <testcase classname="automation.testsuite.Day14_LoginTest_Factory" name="loginFail_IncorrectPass" time="2.162"/>
  <system-out/>
</testsuite> <!-- automation.testsuite.Day14_LoginTest_Factory -->
