<?xml version="1.0" encoding="UTF-8"?>
<!-- Generated by org.testng.reporters.JUnitReportReporter -->
<testsuite hostname="WIN2" failures="0" tests="1" name="automation.testsuite.ThangDuong.LoginTest" time="6.828" errors="0" timestamp="2023-07-06T06:34:24 ICT" skipped="0">
  <testcase classname="automation.testsuite.ThangDuong.LoginTest" name="loginSuccesfulluy" time="6.828"/>
  <system-out/>
</testsuite> <!-- automation.testsuite.ThangDuong.LoginTest -->
