<?xml version="1.0" encoding="UTF-8"?>
<!-- Generated by org.testng.reporters.JUnitReportReporter -->
<testsuite hostname="WIN" failures="0" tests="1" name="automation.testsuite.Day14_ClientsTest" time="10.211" errors="0" timestamp="2023-07-11T23:14:24 ICT" skipped="0">
  <testcase classname="automation.testsuite.Day14_ClientsTest" name="addClientSuccesfully" time="10.211"/>
  <system-out/>
</testsuite> <!-- automation.testsuite.Day14_ClientsTest -->
