<?xml version="1.0" encoding="UTF-8"?>
<!-- Generated by org.testng.reporters.JUnitReportReporter -->
<testsuite hostname="WIN" failures="0" tests="3" name="ZZZ_day13_ver3.Day13_ver3_LoginTest" time="9.746" errors="0" timestamp="2023-07-11T22:34:31 ICT" skipped="0">
  <testcase classname="ZZZ_day13_ver3.Day13_ver3_LoginTest" name="loginSuccesfully" time="6.129"/>
  <system-out/>
  <testcase classname="ZZZ_day13_ver3.Day13_ver3_LoginTest" name="loginFail_IncorrectEmail" time="1.822"/>
  <system-out/>
  <testcase classname="ZZZ_day13_ver3.Day13_ver3_LoginTest" name="loginFail_IncorrectPass" time="1.795"/>
  <system-out/>
</testsuite> <!-- ZZZ_day13_ver3.Day13_ver3_LoginTest -->
