<?xml version="1.0" encoding="UTF-8"?>
<!-- Generated by org.testng.reporters.JUnitReportReporter -->
<testsuite hostname="WIN" failures="0" tests="3" name="day13_ver3.Day13_ver3_LoginTest" time="9.644" errors="0" timestamp="2023-07-08T18:02:47 ICT" skipped="0">
  <testcase classname="day13_ver3.Day13_ver3_LoginTest" name="loginFail_IncorrectPass" time="1.941"/>
  <system-out/>
  <testcase classname="day13_ver3.Day13_ver3_LoginTest" name="loginFail_IncorrectEmail" time="2.165"/>
  <system-out/>
  <testcase classname="day13_ver3.Day13_ver3_LoginTest" name="loginSuccesfully" time="5.538"/>
  <system-out/>
</testsuite> <!-- day13_ver3.Day13_ver3_LoginTest -->
