<?xml version="1.0" encoding="UTF-8"?>
<!-- Generated by org.testng.reporters.JUnitReportReporter -->
<testsuite hostname="WIN2" failures="0" tests="1" name="automation.testsuite.popupWindow" time="4.307" errors="0" timestamp="2023-07-16T20:25:09 ICT" skipped="0">
  <testcase classname="automation.testsuite.popupWindow" name="testPopupWindow" time="4.307"/>
  <system-out/>
</testsuite> <!-- automation.testsuite.popupWindow -->
