<?xml version="1.0" encoding="UTF-8"?>
<!-- Generated by org.testng.reporters.JUnitReportReporter -->
<testsuite hostname="WIN" failures="0" tests="1" name="automation.testsuite.Day13_ver2_LoginTest" time="2.132" errors="0" timestamp="2023-07-08T17:13:22 ICT" skipped="0">
  <testcase classname="automation.testsuite.Day13_ver2_LoginTest" name="loginFail_IncorrectEmail" time="2.132"/>
  <system-out/>
</testsuite> <!-- automation.testsuite.Day13_ver2_LoginTest -->
