<?xml version="1.0" encoding="UTF-8"?>
<!-- Generated by org.testng.reporters.JUnitReportReporter -->
<testsuite hostname="WIN2" failures="0" tests="1" name="automation.testsuite.ThangDuong.Day12" time="6.467" errors="0" timestamp="2023-07-02T20:31:35 ICT" skipped="0">
  <testcase classname="automation.testsuite.ThangDuong.Day12" name="dropDownListChecked" time="6.467"/>
  <system-out/>
</testsuite> <!-- automation.testsuite.ThangDuong.Day12 -->
