<?xml version="1.0" encoding="UTF-8"?>
<!-- Generated by org.testng.reporters.JUnitReportReporter -->
<testsuite hostname="WIN" failures="0" tests="1" name="flights_OneWay.Flight_Test" time="1.441" errors="0" timestamp="2023-07-19T23:51:18 ICT" skipped="0">
  <testcase classname="flights_OneWay.Flight_Test" name="flight" time="1.441"/>
  <system-out/>
</testsuite> <!-- flights_OneWay.Flight_Test -->
