<?xml version="1.0" encoding="UTF-8"?>
<!-- Generated by org.testng.reporters.JUnitReportReporter -->
<testsuite hostname="WIN" failures="0" tests="1" name="automation.testsuite.Day14_ClientsTest" time="11.646" errors="0" timestamp="2023-07-09T18:03:55 ICT" skipped="0">
  <testcase classname="automation.testsuite.Day14_ClientsTest" name="addClient" time="11.646"/>
  <system-out/>
</testsuite> <!-- automation.testsuite.Day14_ClientsTest -->
