<?xml version="1.0" encoding="UTF-8"?>
<!-- Generated by org.testng.reporters.JUnitReportReporter -->
<testsuite hostname="WIN" failures="0" tests="3" name="day13_ver4.Day13_ver4_LoginTest" time="8.402" errors="0" timestamp="2023-07-08T18:31:07 ICT" skipped="0">
  <testcase classname="day13_ver4.Day13_ver4_LoginTest" name="loginFail_Incorrectpass" time="2.082"/>
  <system-out/>
  <testcase classname="day13_ver4.Day13_ver4_LoginTest" name="loginSuccesfully" time="4.248"/>
  <system-out/>
  <testcase classname="day13_ver4.Day13_ver4_LoginTest" name="loginFail_IncorrectEmail" time="2.072"/>
  <system-out/>
</testsuite> <!-- day13_ver4.Day13_ver4_LoginTest -->
