<?xml version="1.0" encoding="UTF-8"?>
<!-- Generated by org.testng.reporters.JUnitReportReporter -->
<testsuite hostname="WIN" failures="0" tests="3" name="day13_ver4.Day13_ver4_LoginTest" time="9.485" errors="0" timestamp="2023-07-11T07:08:48 ICT" skipped="0">
  <testcase classname="day13_ver4.Day13_ver4_LoginTest" name="loginFail_Incorrectpass" time="2.008"/>
  <system-out/>
  <testcase classname="day13_ver4.Day13_ver4_LoginTest" name="loginSuccesfully" time="4.712"/>
  <system-out/>
  <testcase classname="day13_ver4.Day13_ver4_LoginTest" name="loginFail_IncorrectEmail" time="2.765"/>
  <system-out/>
</testsuite> <!-- day13_ver4.Day13_ver4_LoginTest -->
