<?xml version="1.0" encoding="UTF-8"?>
<!-- Generated by org.testng.reporters.JUnitReportReporter -->
<testsuite hostname="WIN2" failures="0" tests="1" name="automation.testsuite.ClientsTest" time="27.554" errors="0" timestamp="2023-07-13T19:59:38 ICT" skipped="0">
  <testcase classname="automation.testsuite.ClientsTest" name="addClientSuccesfully" time="27.554"/>
  <system-out/>
</testsuite> <!-- automation.testsuite.ClientsTest -->
