<?xml version="1.0" encoding="UTF-8"?>
<!-- Generated by org.testng.reporters.JUnitReportReporter -->
<testsuite hostname="WIN" failures="0" tests="2" name="automation.testsuite.Day13_LoginTest" time="6.781" errors="0" timestamp="2023-07-11T07:07:05 ICT" skipped="0">
  <testcase classname="automation.testsuite.Day13_LoginTest" name="loginFail_IncorrectPass" time="1.969"/>
  <system-out/>
  <testcase classname="automation.testsuite.Day13_LoginTest" name="loginSuccesfully" time="4.812"/>
  <system-out/>
</testsuite> <!-- automation.testsuite.Day13_LoginTest -->
