<?xml version="1.0" encoding="UTF-8"?>
<!-- Generated by org.testng.reporters.JUnitReportReporter -->
<testsuite hostname="WIN" failures="0" tests="1" name="alert_Day16.AlertBasic_1" time="0.317" errors="0" timestamp="2023-07-16T17:29:38 ICT" skipped="0">
  <testcase classname="alert_Day16.AlertBasic_1" name="TestAlert" time="0.317"/>
  <system-out/>
</testsuite> <!-- alert_Day16.AlertBasic_1 -->
